<?xml version="1.0" encoding="UTF-8"?>
<testng-results ignored="0" total="3" passed="3" failed="0" skipped="0">
  <reporter-output>
  </reporter-output>
  <suite started-at="2022-10-03T19:59:31 IST" name="Default suite" finished-at="2022-10-03T20:01:16 IST" duration-ms="104938">
    <groups>
    </groups>
    <test started-at="2022-10-03T19:59:31 IST" name="Default test" finished-at="2022-10-03T20:01:16 IST" duration-ms="104938">
      <class name="com.ecom.webapp.Testing">
        <test-method is-config="true" signature="startbrowser()[pri:0, instance:com.ecom.webapp.Testing@6a84a97d]" started-at="2022-10-03T19:59:31 IST" name="startbrowser" finished-at="2022-10-03T19:59:37 IST" duration-ms="5139" status="PASS">
          <reporter-output>
          </reporter-output>
        </test-method> <!-- startbrowser -->
        <test-method signature="register()[pri:1, instance:com.ecom.webapp.Testing@6a84a97d]" started-at="2022-10-03T19:59:37 IST" name="register" finished-at="2022-10-03T20:00:09 IST" duration-ms="32613" status="PASS">
          <reporter-output>
          </reporter-output>
        </test-method> <!-- register -->
        <test-method is-config="true" signature="closeBrowser()[pri:0, instance:com.ecom.webapp.Testing@6a84a97d]" started-at="2022-10-03T20:00:09 IST" name="closeBrowser" finished-at="2022-10-03T20:00:12 IST" duration-ms="2407" status="PASS">
          <reporter-output>
          </reporter-output>
        </test-method> <!-- closeBrowser -->
        <test-method is-config="true" signature="startbrowser()[pri:0, instance:com.ecom.webapp.Testing@6a84a97d]" started-at="2022-10-03T20:00:12 IST" name="startbrowser" finished-at="2022-10-03T20:00:17 IST" duration-ms="5087" status="PASS">
          <reporter-output>
          </reporter-output>
        </test-method> <!-- startbrowser -->
        <test-method signature="login()[pri:2, instance:com.ecom.webapp.Testing@6a84a97d]" started-at="2022-10-03T20:00:17 IST" name="login" finished-at="2022-10-03T20:00:35 IST" duration-ms="18166" status="PASS">
          <reporter-output>
          </reporter-output>
        </test-method> <!-- login -->
        <test-method is-config="true" signature="closeBrowser()[pri:0, instance:com.ecom.webapp.Testing@6a84a97d]" started-at="2022-10-03T20:00:35 IST" name="closeBrowser" finished-at="2022-10-03T20:00:37 IST" duration-ms="2429" status="PASS">
          <reporter-output>
          </reporter-output>
        </test-method> <!-- closeBrowser -->
        <test-method is-config="true" signature="startbrowser()[pri:0, instance:com.ecom.webapp.Testing@6a84a97d]" started-at="2022-10-03T20:00:37 IST" name="startbrowser" finished-at="2022-10-03T20:00:45 IST" duration-ms="8171" status="PASS">
          <reporter-output>
          </reporter-output>
        </test-method> <!-- startbrowser -->
        <test-method signature="addToCart()[pri:3, instance:com.ecom.webapp.Testing@6a84a97d]" started-at="2022-10-03T20:00:45 IST" name="addToCart" finished-at="2022-10-03T20:01:16 IST" duration-ms="30684" status="PASS">
          <reporter-output>
          </reporter-output>
        </test-method> <!-- addToCart -->
        <test-method is-config="true" signature="closeBrowser()[pri:0, instance:com.ecom.webapp.Testing@6a84a97d]" started-at="2022-10-03T20:01:16 IST" name="closeBrowser" finished-at="2022-10-03T20:01:16 IST" duration-ms="198" status="PASS">
          <reporter-output>
          </reporter-output>
        </test-method> <!-- closeBrowser -->
      </class> <!-- com.ecom.webapp.Testing -->
    </test> <!-- Default test -->
  </suite> <!-- Default suite -->
</testng-results>
