<?xml version="1.0" encoding="UTF-8"?>
<!-- Generated by org.testng.reporters.JUnitXMLReporter -->
<testsuite ignored="0" hostname="MSI" failures="0" tests="3" name="Default test" time="104.938" errors="0" timestamp="2022-10-03T20:01:16 IST">
  <testcase classname="com.ecom.webapp.Testing" name="register" time="32.613"/>
  <testcase classname="com.ecom.webapp.Testing" name="login" time="18.166"/>
  <testcase classname="com.ecom.webapp.Testing" name="addToCart" time="30.684"/>
</testsuite> <!-- Default test -->
